[debug] [2023-03-25T13:36:53.603Z] ----------------------------------------------------------------------
[debug] [2023-03-25T13:36:53.605Z] Command:       C:\Program Files\nodejs\node.exe C:\Users\91914\AppData\Roaming\npm\node_modules\firebase-tools\lib\bin\firebase.js deploy
[debug] [2023-03-25T13:36:53.605Z] CLI Version:   11.24.0
[debug] [2023-03-25T13:36:53.605Z] Platform:      win32
[debug] [2023-03-25T13:36:53.605Z] Node Version:  v18.12.1
[debug] [2023-03-25T13:36:53.607Z] Time:          Sat Mar 25 2023 19:06:53 GMT+0530 (India Standard Time)
[debug] [2023-03-25T13:36:53.607Z] ----------------------------------------------------------------------
[debug] 
[debug] [2023-03-25T13:36:53.664Z] > command requires scopes: ["email","openid","https://www.googleapis.com/auth/cloudplatformprojects.readonly","https://www.googleapis.com/auth/firebase","https://www.googleapis.com/auth/cloud-platform"]
[debug] [2023-03-25T13:36:53.665Z] > authorizing via signed-in user (ak8871639@gmail.com)
[debug] [2023-03-25T13:36:53.665Z] [iam] checking project schoolmangementsystem-d1bdd for permissions ["firebase.projects.get","firebasehosting.sites.update"]
[debug] [2023-03-25T13:36:53.669Z] >>> [apiv2][query] POST https://cloudresourcemanager.googleapis.com/v1/projects/schoolmangementsystem-d1bdd:testIamPermissions [none]
[debug] [2023-03-25T13:36:53.670Z] >>> [apiv2][(partial)header] POST https://cloudresourcemanager.googleapis.com/v1/projects/schoolmangementsystem-d1bdd:testIamPermissions x-goog-quota-user=projects/schoolmangementsystem-d1bdd
[debug] [2023-03-25T13:36:53.670Z] >>> [apiv2][body] POST https://cloudresourcemanager.googleapis.com/v1/projects/schoolmangementsystem-d1bdd:testIamPermissions {"permissions":["firebase.projects.get","firebasehosting.sites.update"]}
[debug] [2023-03-25T13:36:55.954Z] <<< [apiv2][status] POST https://cloudresourcemanager.googleapis.com/v1/projects/schoolmangementsystem-d1bdd:testIamPermissions 200
[debug] [2023-03-25T13:36:55.955Z] <<< [apiv2][body] POST https://cloudresourcemanager.googleapis.com/v1/projects/schoolmangementsystem-d1bdd:testIamPermissions {"permissions":["firebase.projects.get","firebasehosting.sites.update"]}
[debug] [2023-03-25T13:36:55.958Z] >>> [apiv2][query] GET https://firebase.googleapis.com/v1beta1/projects/schoolmangementsystem-d1bdd [none]
[debug] [2023-03-25T13:36:57.595Z] <<< [apiv2][status] GET https://firebase.googleapis.com/v1beta1/projects/schoolmangementsystem-d1bdd 200
[debug] [2023-03-25T13:36:57.596Z] <<< [apiv2][body] GET https://firebase.googleapis.com/v1beta1/projects/schoolmangementsystem-d1bdd {"projectId":"schoolmangementsystem-d1bdd","projectNumber":"344197442209","displayName":"schoolmangementsystem","name":"projects/schoolmangementsystem-d1bdd","resources":{"hostingSite":"schoolmangementsystem-d1bdd"},"state":"ACTIVE","etag":"1_962dba05-9ec2-4957-a734-22d43d8fe855"}
[info] 
[info] === Deploying to 'schoolmangementsystem-d1bdd'...
[info] 
[info] i  deploying hosting 
[debug] [2023-03-25T13:36:57.611Z] >>> [apiv2][query] POST https://firebasehosting.googleapis.com/v1beta1/projects/-/sites/schoolmangementsystem-d1bdd/versions [none]
[debug] [2023-03-25T13:36:57.611Z] >>> [apiv2][body] POST https://firebasehosting.googleapis.com/v1beta1/projects/-/sites/schoolmangementsystem-d1bdd/versions {"status":"CREATED","labels":{"deployment-tool":"cli-firebase"}}
[debug] [2023-03-25T13:36:59.821Z] <<< [apiv2][status] POST https://firebasehosting.googleapis.com/v1beta1/projects/-/sites/schoolmangementsystem-d1bdd/versions 200
[debug] [2023-03-25T13:36:59.821Z] <<< [apiv2][body] POST https://firebasehosting.googleapis.com/v1beta1/projects/-/sites/schoolmangementsystem-d1bdd/versions {"name":"projects/344197442209/sites/schoolmangementsystem-d1bdd/versions/96dbdc2b197b8295","status":"CREATED","config":{},"labels":{"deployment-tool":"cli-firebase"}}
[info] i  hosting[schoolmangementsystem-d1bdd]: beginning deploy... 
[info] i  hosting[schoolmangementsystem-d1bdd]: found 15 files in build 
[debug] [2023-03-25T13:37:18.803Z] [hosting] uploading with 200 concurrency
[debug] [2023-03-25T13:37:19.005Z] [hosting] hash cache [YnVpbGQ] stored for 15 files
[debug] [2023-03-25T13:37:19.006Z] [hosting][hash queue][FINAL] {"max":177,"min":9,"avg":38.266666666666666,"active":0,"complete":15,"success":15,"errored":0,"retried":0,"total":15,"elapsed":193}
[debug] [2023-03-25T13:37:19.006Z] >>> [apiv2][query] POST https://firebasehosting.googleapis.com/v1beta1/projects/344197442209/sites/schoolmangementsystem-d1bdd/versions/96dbdc2b197b8295:populateFiles [none]
[debug] [2023-03-25T13:37:19.007Z] >>> [apiv2][body] POST https://firebasehosting.googleapis.com/v1beta1/projects/344197442209/sites/schoolmangementsystem-d1bdd/versions/96dbdc2b197b8295:populateFiles {"files":{"/favicon.ico":"eae62e993eb980ec8a25058c39d5a51feab118bd2100c4deebb2a9c158ec11f9","/logo192.png":"3ee59515172ee198f3be375979df15ac5345183e656720a381b8872b2a39dc8b","/logo512.png":"ee7e2f3fdb8209c4b6fd7bef6ba50d1b9dba30a25bb5c3126df057e1cb6f5331","/manifest.json":"aff3449bdc238776f5d6d967f19ec491b36aed5fb7f23ccff6500736fd58494a","/robots.txt":"bfe106a3fb878dc83461c86818bf74fc1bdc7f28538ba613cd3e775516ce8b49","/asset-manifest.json":"effa2eeac55270b03d5bad5e694b152920c4f4a13c9af2f3ead21ce044be4a08","/index.html":"d0d99894f87c051db2f7caf35758bce31e43343932a43ddaf1c8aa7fac94008a","/static/js/787.129e5178.chunk.js":"728138fb410d68a88cc507d3436e032463c29ee0e07cfb3fab06f52fce4197a4","/static/js/787.129e5178.chunk.js.map":"2984ce6b150ee9910b058bc7242563c493787352404bcb02716c212e92663d44","/static/js/main.7c2037f9.js.LICENSE.txt":"688ba41431f89438e91be7d9a9efb548dae892a74f4134306b7a1d47021c57d4","/static/media/logo.6ce24c58023cc2f8fd88fe9d219db6c6.svg":"ac1a3d8899432561573d6a5cf56459437c09b902599a1deb91c0f8d4bb40459d","/static/css/main.7166ca43.css":"903029e256ce0c60074c8f3750370e33bc8a4d8da432f5e89d2234eba37f13ae","/static/js/main.7c2037f9.js":"36644eaa9eb00eb8b8336d97523a8c2267fad39986c16ad5666dbe513741cbc7","/static/css/main.7166ca43.css.map":"e55b7106e7be19a80bc7b04c303384fe6bd0c4e48b1be0155d07402022a9bfea","/static/js/main.7c2037f9.js.map":"aa22dac00f8fbe2d8af888422870d5b430adc60cc78f475c5160a34a91243cb2"}}
[debug] [2023-03-25T13:37:20.819Z] <<< [apiv2][status] POST https://firebasehosting.googleapis.com/v1beta1/projects/344197442209/sites/schoolmangementsystem-d1bdd/versions/96dbdc2b197b8295:populateFiles 200
[debug] [2023-03-25T13:37:20.819Z] <<< [apiv2][body] POST https://firebasehosting.googleapis.com/v1beta1/projects/344197442209/sites/schoolmangementsystem-d1bdd/versions/96dbdc2b197b8295:populateFiles {"uploadUrl":"https://upload-firebasehosting.googleapis.com/upload/sites/schoolmangementsystem-d1bdd/versions/96dbdc2b197b8295/files"}
[debug] [2023-03-25T13:37:20.819Z] [hosting][populate queue][FINAL] {"max":1816,"min":1816,"avg":1816,"active":0,"complete":1,"success":1,"errored":0,"retried":0,"total":1,"elapsed":1816}
[debug] [2023-03-25T13:37:20.821Z] [hosting] uploads queued: 0
[debug] [2023-03-25T13:37:20.822Z] [hosting][upload queue][FINAL] {"max":0,"min":9999999999,"avg":0,"active":0,"complete":0,"success":0,"errored":0,"retried":0,"total":0,"elapsed":1679751440822}
[info] +  hosting[schoolmangementsystem-d1bdd]: file upload complete 
[debug] [2023-03-25T13:37:20.824Z] [hosting] deploy completed after 2053ms
[debug] [2023-03-25T13:37:20.830Z] [
  {
    "config": {
      "public": "build",
      "ignore": [
        "firebase.json",
        "**/.*",
        "**/node_modules/**"
      ],
      "rewrites": [
        {
          "source": "**",
          "destination": "/index.html"
        }
      ],
      "site": "schoolmangementsystem-d1bdd"
    },
    "version": "projects/344197442209/sites/schoolmangementsystem-d1bdd/versions/96dbdc2b197b8295"
  }
]
[info] i  hosting[schoolmangementsystem-d1bdd]: finalizing version... 
[debug] [2023-03-25T13:37:20.838Z] >>> [apiv2][query] PATCH https://firebasehosting.googleapis.com/v1beta1/projects/-/sites/schoolmangementsystem-d1bdd/versions/96dbdc2b197b8295 updateMask=status%2Cconfig
[debug] [2023-03-25T13:37:20.838Z] >>> [apiv2][body] PATCH https://firebasehosting.googleapis.com/v1beta1/projects/-/sites/schoolmangementsystem-d1bdd/versions/96dbdc2b197b8295 {"status":"FINALIZED","config":{"rewrites":[{"glob":"**","path":"/index.html"}]}}
[debug] [2023-03-25T13:37:22.498Z] <<< [apiv2][status] PATCH https://firebasehosting.googleapis.com/v1beta1/projects/-/sites/schoolmangementsystem-d1bdd/versions/96dbdc2b197b8295 200
[debug] [2023-03-25T13:37:22.499Z] <<< [apiv2][body] PATCH https://firebasehosting.googleapis.com/v1beta1/projects/-/sites/schoolmangementsystem-d1bdd/versions/96dbdc2b197b8295 {"name":"projects/344197442209/sites/schoolmangementsystem-d1bdd/versions/96dbdc2b197b8295","status":"FINALIZED","config":{"rewrites":[{"glob":"**","path":"/index.html"}]},"labels":{"deployment-tool":"cli-firebase"},"createTime":"2023-03-25T13:36:59.187400Z","createUser":{"email":"ak8871639@gmail.com"},"finalizeTime":"2023-03-25T13:37:22.523250Z","finalizeUser":{"email":"ak8871639@gmail.com"}}
[debug] [2023-03-25T13:37:22.499Z] [hosting] finalized version for schoolmangementsystem-d1bdd:[object Object]
[info] +  hosting[schoolmangementsystem-d1bdd]: version finalized 
[info] i  hosting[schoolmangementsystem-d1bdd]: releasing new version... 
[debug] [2023-03-25T13:37:22.503Z] >>> [apiv2][query] POST https://firebasehosting.googleapis.com/v1beta1/projects/-/sites/schoolmangementsystem-d1bdd/channels/live/releases versionName=projects%2F344197442209%2Fsites%2Fschoolmangementsystem-d1bdd%2Fversions%2F96dbdc2b197b8295
[debug] [2023-03-25T13:37:22.503Z] >>> [apiv2][body] POST https://firebasehosting.googleapis.com/v1beta1/projects/-/sites/schoolmangementsystem-d1bdd/channels/live/releases {}
[debug] [2023-03-25T13:37:24.159Z] <<< [apiv2][status] POST https://firebasehosting.googleapis.com/v1beta1/projects/-/sites/schoolmangementsystem-d1bdd/channels/live/releases 200
[debug] [2023-03-25T13:37:24.159Z] <<< [apiv2][body] POST https://firebasehosting.googleapis.com/v1beta1/projects/-/sites/schoolmangementsystem-d1bdd/channels/live/releases {"name":"projects/344197442209/sites/schoolmangementsystem-d1bdd/channels/live/releases/1679751443428000","version":{"name":"projects/344197442209/sites/schoolmangementsystem-d1bdd/versions/96dbdc2b197b8295","status":"FINALIZED","config":{"rewrites":[{"glob":"**","path":"/index.html"}]},"labels":{"deployment-tool":"cli-firebase"},"createTime":"2023-03-25T13:36:59.187400Z","createUser":{"email":"ak8871639@gmail.com","imageUrl":"https://lh3.googleusercontent.com/a/AGNmyxb713aSrbEWJ5cBo08Uc2EdXxYJImOH4RlfOFRz=mo"},"finalizeTime":"2023-03-25T13:37:22.523250Z","finalizeUser":{"email":"ak8871639@gmail.com","imageUrl":"https://lh3.googleusercontent.com/a/AGNmyxb713aSrbEWJ5cBo08Uc2EdXxYJImOH4RlfOFRz=mo"}},"type":"DEPLOY","releaseTime":"2023-03-25T13:37:23.428Z","releaseUser":{"email":"ak8871639@gmail.com","imageUrl":"https://lh3.googleusercontent.com/a/AGNmyxb713aSrbEWJ5cBo08Uc2EdXxYJImOH4RlfOFRz=mo"}}
[debug] [2023-03-25T13:37:24.159Z] [hosting] release: {"name":"projects/344197442209/sites/schoolmangementsystem-d1bdd/channels/live/releases/1679751443428000","version":{"name":"projects/344197442209/sites/schoolmangementsystem-d1bdd/versions/96dbdc2b197b8295","status":"FINALIZED","config":{"rewrites":[{"glob":"**","path":"/index.html"}]},"labels":{"deployment-tool":"cli-firebase"},"createTime":"2023-03-25T13:36:59.187400Z","createUser":{"email":"ak8871639@gmail.com","imageUrl":"https://lh3.googleusercontent.com/a/AGNmyxb713aSrbEWJ5cBo08Uc2EdXxYJImOH4RlfOFRz=mo"},"finalizeTime":"2023-03-25T13:37:22.523250Z","finalizeUser":{"email":"ak8871639@gmail.com","imageUrl":"https://lh3.googleusercontent.com/a/AGNmyxb713aSrbEWJ5cBo08Uc2EdXxYJImOH4RlfOFRz=mo"}},"type":"DEPLOY","releaseTime":"2023-03-25T13:37:23.428Z","releaseUser":{"email":"ak8871639@gmail.com","imageUrl":"https://lh3.googleusercontent.com/a/AGNmyxb713aSrbEWJ5cBo08Uc2EdXxYJImOH4RlfOFRz=mo"}}
[info] +  hosting[schoolmangementsystem-d1bdd]: release complete 
[info] 
[info] +  Deploy complete! 
[info] 
[info] Project Console: https://console.firebase.google.com/project/schoolmangementsystem-d1bdd/overview
[info] Hosting URL: https://schoolmangementsystem-d1bdd.web.app
[debug] [2023-03-25T13:37:55.244Z] Error: Timed out.
    at Timeout._onTimeout (C:\Users\91914\AppData\Roaming\npm\node_modules\firebase-tools\lib\utils.js:253:49)
    at listOnTimeout (node:internal/timers:564:17)
    at process.processTimers (node:internal/timers:507:7)
[error] 
[error] Error: An unexpected error has occurred.
